Cursor_Gruvbox|$HOME/.icons
Gtk_CatppuccinLatte|$HOME/.themes
Gtk_CatppuccinMocha|$HOME/.themes
Gtk_CyberpunkEdge|$HOME/.themes
Gtk_DecayGreen|$HOME/.themes
Gtk_FrostedGlass|$HOME/.themes
Gtk_GraphiteMono|$HOME/.themes
Gtk_GruvboxRetro|$HOME/.themes
Gtk_MaterialSakura|$HOME/.themes
Gtk_RosePine|$HOME/.themes
Gtk_TokyoNight|$HOME/.themes
Icon_Gruvbox|$HOME/.icons
Icon_TelaBlack|$HOME/.icons
Icon_TelaBlue|$HOME/.icons
Icon_TelaDracula|$HOME/.icons
Icon_TelaGreen|$HOME/.icons
Icon_TelaGrey|$HOME/.icons
Icon_TelaPink|$HOME/.icons
Icon_TelaPurple|$HOME/.icons
Icon_TelaYellow|$HOME/.icons
